<?xml version="1.0" encoding="UTF-8"?>
<coverage generated="1764422910101" clover="3.2.0">
  <project timestamp="1764422910101" name="All files">
    <metrics statements="14" coveredstatements="11" conditionals="6" coveredconditionals="5" methods="3" coveredmethods="1" elements="23" coveredelements="17" complexity="0" loc="14" ncloc="14" packages="1" files="1" classes="1"/>
    <file name="index.js" path="/home/kevin/git/khensel17/demo-helloworld-app/src/index.js">
      <metrics statements="14" coveredstatements="11" conditionals="6" coveredconditionals="5" methods="3" coveredmethods="1"/>
      <line num="1" count="1" type="stmt"/>
      <line num="2" count="1" type="stmt"/>
      <line num="4" count="1" type="stmt"/>
      <line num="5" count="1" type="cond" truecount="2" falsecount="0"/>
      <line num="7" count="1" type="stmt"/>
      <line num="9" count="1" type="stmt"/>
      <line num="10" count="2" type="cond" truecount="2" falsecount="0"/>
      <line num="11" count="2" type="stmt"/>
      <line num="14" count="1" type="stmt"/>
      <line num="15" count="0" type="stmt"/>
      <line num="18" count="1" type="cond" truecount="1" falsecount="1"/>
      <line num="19" count="0" type="stmt"/>
      <line num="20" count="0" type="stmt"/>
      <line num="24" count="1" type="stmt"/>
    </file>
  </project>
</coverage>
